<?xml version="1.0" encoding="UTF-8"?>
<!-- Generated by org.testng.reporters.JUnitReportReporter -->
<testsuite skipped="0" hostname="DESKTOP-KFC89GU" name="Report.ExtendReport.ExtentReportDemoTest" tests="1" failures="0" timestamp="2020-06-24T22:53:06 EDT" time="8.688" errors="0">
  <testcase name="googleHomePage" time="8.688" classname="Report.ExtendReport.ExtentReportDemoTest"/>
  <system-out/>
</testsuite> <!-- Report.ExtendReport.ExtentReportDemoTest -->
